{"contracts\\Airdrop.sol":{"l":{"18":3,"19":3,"20":3,"21":3,"26":8,"27":6,"29":4,"31":4,"34":2,"36":2,"38":2,"46":1,"51":3,"55":1},"path":"C:\\YorkU\\csbc2010\\AirdropUsingMerkletree\\contracts\\Airdrop.sol","s":{"1":3,"2":3,"3":3,"4":3,"5":8,"6":6,"7":4,"8":4,"9":2,"10":2,"11":2,"12":1,"13":3},"b":{"1":[6,2],"2":[4,2],"3":[2,2],"4":[1,2]},"f":{"1":3,"2":8,"3":1,"4":3},"fnMap":{"1":{"name":"constructor","line":17,"loc":{"start":{"line":17,"column":4},"end":{"line":22,"column":4}}},"2":{"name":"redeem","line":24,"loc":{"start":{"line":24,"column":4},"end":{"line":40,"column":4}}},"3":{"name":"updateMerkleRoot","line":44,"loc":{"start":{"line":42,"column":4},"end":{"line":47,"column":4}}},"4":{"name":"onlyOwner","line":50,"loc":{"start":{"line":50,"column":4},"end":{"line":56,"column":4}}}},"statementMap":{"1":{"start":{"line":18,"column":8},"end":{"line":18,"column":25}},"2":{"start":{"line":19,"column":8},"end":{"line":19,"column":21}},"3":{"start":{"line":20,"column":8},"end":{"line":20,"column":49}},"4":{"start":{"line":21,"column":8},"end":{"line":21,"column":41}},"5":{"start":{"line":26,"column":8},"end":{"line":26,"column":90}},"6":{"start":{"line":27,"column":8},"end":{"line":27,"column":62}},"7":{"start":{"line":29,"column":8},"end":{"line":29,"column":75}},"8":{"start":{"line":31,"column":8},"end":{"line":31,"column":1056}},"9":{"start":{"line":34,"column":8},"end":{"line":34,"column":34}},"10":{"start":{"line":36,"column":8},"end":{"line":36,"column":42}},"11":{"start":{"line":38,"column":8},"end":{"line":38,"column":40}},"12":{"start":{"line":46,"column":8},"end":{"line":46,"column":49}},"13":{"start":{"line":51,"column":8},"end":{"line":51,"column":1519}}},"branchMap":{"1":{"line":26,"type":"if","locations":[{"start":{"line":26,"column":8},"end":{"line":26,"column":8}},{"start":{"line":26,"column":8},"end":{"line":26,"column":8}}]},"2":{"line":27,"type":"if","locations":[{"start":{"line":27,"column":8},"end":{"line":27,"column":8}},{"start":{"line":27,"column":8},"end":{"line":27,"column":8}}]},"3":{"line":31,"type":"if","locations":[{"start":{"line":31,"column":8},"end":{"line":31,"column":8}},{"start":{"line":31,"column":8},"end":{"line":31,"column":8}}]},"4":{"line":51,"type":"if","locations":[{"start":{"line":51,"column":8},"end":{"line":51,"column":8}},{"start":{"line":51,"column":8},"end":{"line":51,"column":8}}]}}},"contracts\\ERC20Token.sol":{"l":{"15":3,"19":4,"20":4},"path":"C:\\YorkU\\csbc2010\\AirdropUsingMerkletree\\contracts\\ERC20Token.sol","s":{"1":3,"2":4,"3":4},"b":{"1":[4,0]},"f":{"1":3,"2":4},"fnMap":{"1":{"name":"constructor","line":14,"loc":{"start":{"line":10,"column":4},"end":{"line":16,"column":4}}},"2":{"name":"mint","line":18,"loc":{"start":{"line":18,"column":4},"end":{"line":21,"column":4}}}},"statementMap":{"1":{"start":{"line":15,"column":8},"end":{"line":15,"column":25}},"2":{"start":{"line":19,"column":8},"end":{"line":19,"column":66}},"3":{"start":{"line":20,"column":8},"end":{"line":20,"column":35}}},"branchMap":{"1":{"line":19,"type":"if","locations":[{"start":{"line":19,"column":8},"end":{"line":19,"column":8}},{"start":{"line":19,"column":8},"end":{"line":19,"column":8}}]}}},"contracts\\MerkleProof.sol":{"l":{"21":4,"22":12,"23":4,"27":8,"31":12,"35":4},"path":"C:\\YorkU\\csbc2010\\AirdropUsingMerkletree\\contracts\\MerkleProof.sol","s":{"1":4,"2":12,"3":4,"4":8,"5":12,"6":4},"b":{"1":[4,8]},"f":{"1":4},"fnMap":{"1":{"name":"verify","line":11,"loc":{"start":{"line":11,"column":2},"end":{"line":36,"column":2}}}},"statementMap":{"1":{"start":{"line":21,"column":4},"end":{"line":21,"column":425}},"2":{"start":{"line":22,"column":12},"end":{"line":22,"column":490}},"3":{"start":{"line":23,"column":16},"end":{"line":23,"column":537}},"4":{"start":{"line":27,"column":16},"end":{"line":27,"column":685}},"5":{"start":{"line":31,"column":12},"end":{"line":31,"column":20}},"6":{"start":{"line":35,"column":4},"end":{"line":35,"column":23}}},"branchMap":{"1":{"line":22,"type":"if","locations":[{"start":{"line":22,"column":12},"end":{"line":22,"column":12}},{"start":{"line":22,"column":12},"end":{"line":22,"column":12}}]}}}}